c:\users\cbcc1\source\repos\dll1\dll1\x64\debug\dll1.pch
c:\users\cbcc1\source\repos\dll1\dll1\x64\debug\vc143.pdb
c:\users\cbcc1\source\repos\dll1\dll1\x64\debug\vc143.idb
c:\users\cbcc1\source\repos\dll1\dll1\x64\debug\dllmain.obj
c:\users\cbcc1\source\repos\dll1\dll1\x64\debug\pch.obj
c:\users\cbcc1\source\repos\dll1\x64\debug\dll1.lib
c:\users\cbcc1\source\repos\dll1\x64\debug\dll1.exp
c:\users\cbcc1\source\repos\dll1\dll1\x64\debug\dll1.ilk
c:\users\cbcc1\source\repos\dll1\x64\debug\dll1.dll
c:\users\cbcc1\source\repos\dll1\x64\debug\dll1.pdb
c:\users\cbcc1\onedrive - 한양대학교\projects\dll1\dll1\x64\debug\dllmain.obj
c:\users\cbcc1\onedrive - 한양대학교\projects\dll1\dll1\x64\debug\pch.obj
c:\users\cbcc1\onedrive - 한양대학교\projects\dll1\dll1\x64\debug\dll1.ilk
c:\users\cbcc1\onedrive - 한양대학교\projects\dll1\dll1\x64\debug\dll1.pch
c:\users\cbcc1\onedrive - 한양대학교\projects\dll1\dll1\x64\debug\vc143.idb
c:\users\cbcc1\onedrive - 한양대학교\projects\dll1\dll1\x64\debug\vc143.pdb
c:\users\cbcc1\onedrive - 한양대학교\projects\dll1\x64\debug\dll1.pdb
c:\users\cbcc1\onedrive - 한양대학교\projects\dll1\x64\debug\dll1.dll
c:\users\cbcc1\onedrive - 한양대학교\projects\dll1\dll1\x64\debug\dll1.tlog\cl.command.1.tlog
c:\users\cbcc1\onedrive - 한양대학교\projects\dll1\dll1\x64\debug\dll1.tlog\cl.read.1.tlog
c:\users\cbcc1\onedrive - 한양대학교\projects\dll1\dll1\x64\debug\dll1.tlog\cl.write.1.tlog
c:\users\cbcc1\onedrive - 한양대학교\projects\dll1\dll1\x64\debug\dll1.tlog\dll1.write.1u.tlog
c:\users\cbcc1\onedrive - 한양대학교\projects\dll1\dll1\x64\debug\dll1.tlog\link.command.1.tlog
c:\users\cbcc1\onedrive - 한양대학교\projects\dll1\dll1\x64\debug\dll1.tlog\link.read.1.tlog
c:\users\cbcc1\onedrive - 한양대학교\projects\dll1\dll1\x64\debug\dll1.tlog\link.write.1.tlog
